c:\licaixia\projects\qtffmpeg\mediaplayer\debug\vc120.pdb
c:\licaixia\projects\qtffmpeg\mediaplayer\debug\xffmpeg.obj
c:\licaixia\projects\qtffmpeg\mediaplayer\debug\videowidget.obj
c:\licaixia\projects\qtffmpeg\mediaplayer\debug\videotread.obj
c:\licaixia\projects\qtffmpeg\mediaplayer\debug\videoslider.obj
c:\licaixia\projects\qtffmpeg\mediaplayer\debug\mediaplayer.obj
c:\licaixia\projects\qtffmpeg\mediaplayer\debug\main.obj
c:\licaixia\projects\qtffmpeg\mediaplayer\debug\moc_videoslider.obj
c:\licaixia\projects\qtffmpeg\mediaplayer\debug\moc_mediaplayer.obj
c:\licaixia\projects\qtffmpeg\mediaplayer\debug\qrc_mediaplayer.obj
c:\licaixia\projects\qtffmpeg\mediaplayer\generatedfiles\debug\moc_mediaplayer.cpp
c:\licaixia\projects\qtffmpeg\mediaplayer\generatedfiles\ui_mediaplayer.h
c:\licaixia\projects\qtffmpeg\mediaplayer\generatedfiles\debug\moc_videoslider.cpp
c:\licaixia\projects\qtffmpeg\mediaplayer\generatedfiles\qrc_mediaplayer.cpp
c:\licaixia\projects\qtffmpeg\mediaplayer\win32\debug\mediaplayer.ilk
c:\licaixia\projects\qtffmpeg\mediaplayer\win32\debug\mediaplayer.exe
c:\licaixia\projects\qtffmpeg\mediaplayer\win32\debug\mediaplayer.pdb
c:\licaixia\projects\qtffmpeg\mediaplayer\debug\mediaplayer.res
c:\licaixia\projects\qtffmpeg\mediaplayer\debug\mediaplayer.tlog\cl.command.1.tlog
c:\licaixia\projects\qtffmpeg\mediaplayer\debug\mediaplayer.tlog\cl.read.1.tlog
c:\licaixia\projects\qtffmpeg\mediaplayer\debug\mediaplayer.tlog\cl.write.1.tlog
c:\licaixia\projects\qtffmpeg\mediaplayer\debug\mediaplayer.tlog\custombuild.command.1.tlog
c:\licaixia\projects\qtffmpeg\mediaplayer\debug\mediaplayer.tlog\custombuild.read.1.tlog
c:\licaixia\projects\qtffmpeg\mediaplayer\debug\mediaplayer.tlog\custombuild.write.1.tlog
c:\licaixia\projects\qtffmpeg\mediaplayer\debug\mediaplayer.tlog\link.command.1.tlog
c:\licaixia\projects\qtffmpeg\mediaplayer\debug\mediaplayer.tlog\link.read.1.tlog
c:\licaixia\projects\qtffmpeg\mediaplayer\debug\mediaplayer.tlog\link.write.1.tlog
c:\licaixia\projects\qtffmpeg\mediaplayer\debug\mediaplayer.tlog\rc.command.1.tlog
c:\licaixia\projects\qtffmpeg\mediaplayer\debug\mediaplayer.tlog\rc.read.1.tlog
c:\licaixia\projects\qtffmpeg\mediaplayer\debug\mediaplayer.tlog\rc.write.1.tlog
