2003.01.23 09:55 B C:\example\timeaudio\am.au --> durin /home/csweb/htdocs/liang/introjb3e/example/timeaudio am.au
2003.01.23 09:55 B C:\example\timeaudio\hour0.au --> durin /home/csweb/htdocs/liang/introjb3e/example/timeaudio hour0.au
2003.01.23 09:55 B C:\example\timeaudio\hour1.au --> durin /home/csweb/htdocs/liang/introjb3e/example/timeaudio hour1.au
2003.01.23 09:55 B C:\example\timeaudio\hour10.au --> durin /home/csweb/htdocs/liang/introjb3e/example/timeaudio hour10.au
2003.01.23 09:55 B C:\example\timeaudio\hour11.au --> durin /home/csweb/htdocs/liang/introjb3e/example/timeaudio hour11.au
2003.01.23 09:55 B C:\example\timeaudio\hour2.au --> durin /home/csweb/htdocs/liang/introjb3e/example/timeaudio hour2.au
2003.01.23 09:55 B C:\example\timeaudio\hour3.au --> durin /home/csweb/htdocs/liang/introjb3e/example/timeaudio hour3.au
2003.01.23 09:55 B C:\example\timeaudio\hour4.au --> durin /home/csweb/htdocs/liang/introjb3e/example/timeaudio hour4.au
2003.01.23 09:55 B C:\example\timeaudio\hour5.au --> durin /home/csweb/htdocs/liang/introjb3e/example/timeaudio hour5.au
2003.01.23 09:55 B C:\example\timeaudio\hour6.au --> durin /home/csweb/htdocs/liang/introjb3e/example/timeaudio hour6.au
2003.01.23 09:55 B C:\example\timeaudio\hour7.au --> durin /home/csweb/htdocs/liang/introjb3e/example/timeaudio hour7.au
2003.01.23 09:55 B C:\example\timeaudio\hour8.au --> durin /home/csweb/htdocs/liang/introjb3e/example/timeaudio hour8.au
2003.01.23 09:55 B C:\example\timeaudio\hour9.au --> durin /home/csweb/htdocs/liang/introjb3e/example/timeaudio hour9.au
2003.01.23 09:55 B C:\example\timeaudio\michael.au --> durin /home/csweb/htdocs/liang/introjb3e/example/timeaudio michael.au
2003.01.23 09:55 B C:\example\timeaudio\minute0.au --> durin /home/csweb/htdocs/liang/introjb3e/example/timeaudio minute0.au
2003.01.23 09:55 B C:\example\timeaudio\minute1.au --> durin /home/csweb/htdocs/liang/introjb3e/example/timeaudio minute1.au
2003.01.23 09:55 B C:\example\timeaudio\minute10.au --> durin /home/csweb/htdocs/liang/introjb3e/example/timeaudio minute10.au
2003.01.23 09:55 B C:\example\timeaudio\minute11.au --> durin /home/csweb/htdocs/liang/introjb3e/example/timeaudio minute11.au
2003.01.23 09:55 B C:\example\timeaudio\minute12.au --> durin /home/csweb/htdocs/liang/introjb3e/example/timeaudio minute12.au
2003.01.23 09:55 B C:\example\timeaudio\minute13.au --> durin /home/csweb/htdocs/liang/introjb3e/example/timeaudio minute13.au
2003.01.23 09:55 B C:\example\timeaudio\minute14.au --> durin /home/csweb/htdocs/liang/introjb3e/example/timeaudio minute14.au
2003.01.23 09:55 B C:\example\timeaudio\minute15.au --> durin /home/csweb/htdocs/liang/introjb3e/example/timeaudio minute15.au
2003.01.23 09:55 B C:\example\timeaudio\minute16.au --> durin /home/csweb/htdocs/liang/introjb3e/example/timeaudio minute16.au
2003.01.23 09:55 B C:\example\timeaudio\minute17.au --> durin /home/csweb/htdocs/liang/introjb3e/example/timeaudio minute17.au
2003.01.23 09:55 B C:\example\timeaudio\minute18.au --> durin /home/csweb/htdocs/liang/introjb3e/example/timeaudio minute18.au
2003.01.23 09:55 B C:\example\timeaudio\minute19.au --> durin /home/csweb/htdocs/liang/introjb3e/example/timeaudio minute19.au
2003.01.23 09:55 B C:\example\timeaudio\minute2.au --> durin /home/csweb/htdocs/liang/introjb3e/example/timeaudio minute2.au
2003.01.23 09:55 B C:\example\timeaudio\minute20.au --> durin /home/csweb/htdocs/liang/introjb3e/example/timeaudio minute20.au
2003.01.23 09:55 B C:\example\timeaudio\minute21.au --> durin /home/csweb/htdocs/liang/introjb3e/example/timeaudio minute21.au
2003.01.23 09:55 B C:\example\timeaudio\minute22.au --> durin /home/csweb/htdocs/liang/introjb3e/example/timeaudio minute22.au
2003.01.23 09:55 B C:\example\timeaudio\minute23.au --> durin /home/csweb/htdocs/liang/introjb3e/example/timeaudio minute23.au
2003.01.23 09:55 B C:\example\timeaudio\minute24.au --> durin /home/csweb/htdocs/liang/introjb3e/example/timeaudio minute24.au
2003.01.23 09:55 B C:\example\timeaudio\minute25.au --> durin /home/csweb/htdocs/liang/introjb3e/example/timeaudio minute25.au
2003.01.23 09:55 B C:\example\timeaudio\minute26.au --> durin /home/csweb/htdocs/liang/introjb3e/example/timeaudio minute26.au
2003.01.23 09:55 B C:\example\timeaudio\minute27.au --> durin /home/csweb/htdocs/liang/introjb3e/example/timeaudio minute27.au
2003.01.23 09:55 B C:\example\timeaudio\minute28.au --> durin /home/csweb/htdocs/liang/introjb3e/example/timeaudio minute28.au
2003.01.23 09:55 B C:\example\timeaudio\minute29.au --> durin /home/csweb/htdocs/liang/introjb3e/example/timeaudio minute29.au
2003.01.23 09:55 B C:\example\timeaudio\minute3.au --> durin /home/csweb/htdocs/liang/introjb3e/example/timeaudio minute3.au
2003.01.23 09:55 B C:\example\timeaudio\minute30.au --> durin /home/csweb/htdocs/liang/introjb3e/example/timeaudio minute30.au
2003.01.23 09:55 B C:\example\timeaudio\minute31.au --> durin /home/csweb/htdocs/liang/introjb3e/example/timeaudio minute31.au
2003.01.23 09:55 B C:\example\timeaudio\minute32.au --> durin /home/csweb/htdocs/liang/introjb3e/example/timeaudio minute32.au
2003.01.23 09:55 B C:\example\timeaudio\minute33.au --> durin /home/csweb/htdocs/liang/introjb3e/example/timeaudio minute33.au
2003.01.23 09:55 B C:\example\timeaudio\minute34.au --> durin /home/csweb/htdocs/liang/introjb3e/example/timeaudio minute34.au
2003.01.23 09:55 B C:\example\timeaudio\minute35.au --> durin /home/csweb/htdocs/liang/introjb3e/example/timeaudio minute35.au
2003.01.23 09:55 B C:\example\timeaudio\minute36.au --> durin /home/csweb/htdocs/liang/introjb3e/example/timeaudio minute36.au
2003.01.23 09:55 B C:\example\timeaudio\minute37.au --> durin /home/csweb/htdocs/liang/introjb3e/example/timeaudio minute37.au
2003.01.23 09:55 B C:\example\timeaudio\minute38.au --> durin /home/csweb/htdocs/liang/introjb3e/example/timeaudio minute38.au
2003.01.23 09:55 B C:\example\timeaudio\minute39.au --> durin /home/csweb/htdocs/liang/introjb3e/example/timeaudio minute39.au
2003.01.23 09:55 B C:\example\timeaudio\minute40.au --> durin /home/csweb/htdocs/liang/introjb3e/example/timeaudio minute40.au
2003.01.23 09:55 B C:\example\timeaudio\minute41.au --> durin /home/csweb/htdocs/liang/introjb3e/example/timeaudio minute41.au
2003.01.23 09:55 B C:\example\timeaudio\minute42.au --> durin /home/csweb/htdocs/liang/introjb3e/example/timeaudio minute42.au
2003.01.23 09:55 B C:\example\timeaudio\minute43.au --> durin /home/csweb/htdocs/liang/introjb3e/example/timeaudio minute43.au
2003.01.23 09:55 B C:\example\timeaudio\minute44.au --> durin /home/csweb/htdocs/liang/introjb3e/example/timeaudio minute44.au
2003.01.23 09:55 B C:\example\timeaudio\minute45.au --> durin /home/csweb/htdocs/liang/introjb3e/example/timeaudio minute45.au
2003.01.23 09:55 B C:\example\timeaudio\minute46.au --> durin /home/csweb/htdocs/liang/introjb3e/example/timeaudio minute46.au
2003.01.23 09:55 B C:\example\timeaudio\minute47.au --> durin /home/csweb/htdocs/liang/introjb3e/example/timeaudio minute47.au
2003.01.23 09:55 B C:\example\timeaudio\minute48.au --> durin /home/csweb/htdocs/liang/introjb3e/example/timeaudio minute48.au
2003.01.23 09:55 B C:\example\timeaudio\minute49.au --> durin /home/csweb/htdocs/liang/introjb3e/example/timeaudio minute49.au
2003.01.23 09:55 B C:\example\timeaudio\minute5.au --> durin /home/csweb/htdocs/liang/introjb3e/example/timeaudio minute5.au
2003.01.23 09:55 B C:\example\timeaudio\minute50.au --> durin /home/csweb/htdocs/liang/introjb3e/example/timeaudio minute50.au
2003.01.23 09:55 B C:\example\timeaudio\minute51.au --> durin /home/csweb/htdocs/liang/introjb3e/example/timeaudio minute51.au
2003.01.23 09:55 B C:\example\timeaudio\minute52.au --> durin /home/csweb/htdocs/liang/introjb3e/example/timeaudio minute52.au
2003.01.23 09:55 B C:\example\timeaudio\minute53.au --> durin /home/csweb/htdocs/liang/introjb3e/example/timeaudio minute53.au
2003.01.23 09:55 B C:\example\timeaudio\minute54.au --> durin /home/csweb/htdocs/liang/introjb3e/example/timeaudio minute54.au
2003.01.23 09:55 B C:\example\timeaudio\minute55.au --> durin /home/csweb/htdocs/liang/introjb3e/example/timeaudio minute55.au
2003.01.23 09:55 B C:\example\timeaudio\minute56.au --> durin /home/csweb/htdocs/liang/introjb3e/example/timeaudio minute56.au
2003.01.23 09:55 B C:\example\timeaudio\minute57.au --> durin /home/csweb/htdocs/liang/introjb3e/example/timeaudio minute57.au
2003.01.23 09:55 B C:\example\timeaudio\minute58.au --> durin /home/csweb/htdocs/liang/introjb3e/example/timeaudio minute58.au
2003.01.23 09:55 B C:\example\timeaudio\minute59.au --> durin /home/csweb/htdocs/liang/introjb3e/example/timeaudio minute59.au
2003.01.23 09:55 B C:\example\timeaudio\minute6.au --> durin /home/csweb/htdocs/liang/introjb3e/example/timeaudio minute6.au
2003.01.23 09:55 B C:\example\timeaudio\minute7.au --> durin /home/csweb/htdocs/liang/introjb3e/example/timeaudio minute7.au
2003.01.23 09:55 B C:\example\timeaudio\minute8.au --> durin /home/csweb/htdocs/liang/introjb3e/example/timeaudio minute8.au
2003.01.23 09:55 B C:\example\timeaudio\minute9.au --> durin /home/csweb/htdocs/liang/introjb3e/example/timeaudio minute9.au
2003.01.23 09:55 B C:\example\timeaudio\pm.au --> durin /home/csweb/htdocs/liang/introjb3e/example/timeaudio pm.au
